  D3DApp.cpp
D3DApp.cpp(92): warning C4838: conversion from 'unsigned int' to 'LONG' requires a narrowing conversion
  winmain.cpp
winmain.cpp(1312): warning C4244: 'argument': conversion from 'int' to 'float', possible loss of data
winmain.cpp(1313): warning C4244: '=': conversion from 'int' to 'float', possible loss of data
winmain.cpp(1314): warning C4244: '=': conversion from 'int' to 'float', possible loss of data
winmain.cpp(1315): warning C4244: '=': conversion from 'int' to 'float', possible loss of data
winmain.cpp(1496): warning C4244: 'argument': conversion from 'int' to 'float', possible loss of data
winmain.cpp(1562): warning C4244: 'argument': conversion from 'int' to 'float', possible loss of data
winmain.cpp(1656): warning C4244: 'argument': conversion from 'int' to 'float', possible loss of data
winmain.cpp(1922): warning C4244: 'initializing': conversion from 'float' to 'int', possible loss of data
winmain.cpp(1924): warning C4244: 'initializing': conversion from 'float' to 'int', possible loss of data
winmain.cpp(1926): warning C4244: 'initializing': conversion from 'float' to 'int', possible loss of data
winmain.cpp(1928): warning C4244: 'initializing': conversion from 'float' to 'int', possible loss of data
winmain.cpp(1934): warning C4244: 'initializing': conversion from 'float' to 'int', possible loss of data
winmain.cpp(1937): warning C4244: 'initializing': conversion from 'float' to 'int', possible loss of data
winmain.cpp(1939): warning C4244: 'initializing': conversion from 'float' to 'int', possible loss of data
winmain.cpp(1941): warning C4244: 'initializing': conversion from 'float' to 'int', possible loss of data
winmain.cpp(1943): warning C4244: 'initializing': conversion from 'float' to 'int', possible loss of data
winmain.cpp(1963): warning C4244: 'argument': conversion from 'int' to 'float', possible loss of data
winmain.cpp(2481): warning C4244: 'argument': conversion from 'const int' to 'float', possible loss of data
D3DApp.obj : error LNK2001: unresolved external symbol _Direct3DCreate9@4
winmain.obj : error LNK2001: unresolved external symbol _D3DXMatrixLookAtLH@16
winmain.obj : error LNK2001: unresolved external symbol _D3DXMatrixPerspectiveFovLH@20
winmain.obj : error LNK2001: unresolved external symbol _D3DXMatrixRotationX@8
winmain.obj : error LNK2001: unresolved external symbol _D3DXMatrixRotationY@8
winmain.obj : error LNK2001: unresolved external symbol _D3DXMatrixMultiply@12
C:\Users\Dawid\documents\visual studio 2015\Projects\D3D\Release\D3D.exe : fatal error LNK1120: 6 unresolved externals
