  winmain.cpp
c:\users\dawid\documents\visual studio 2015\projects\d3d\d3d\winmain.cpp(1312): warning C4244: 'argument': conversion from 'int' to 'float', possible loss of data
c:\users\dawid\documents\visual studio 2015\projects\d3d\d3d\winmain.cpp(1313): warning C4244: '=': conversion from 'int' to 'float', possible loss of data
c:\users\dawid\documents\visual studio 2015\projects\d3d\d3d\winmain.cpp(1314): warning C4244: '=': conversion from 'int' to 'float', possible loss of data
c:\users\dawid\documents\visual studio 2015\projects\d3d\d3d\winmain.cpp(1315): warning C4244: '=': conversion from 'int' to 'float', possible loss of data
c:\users\dawid\documents\visual studio 2015\projects\d3d\d3d\winmain.cpp(1496): warning C4244: 'argument': conversion from 'int' to 'float', possible loss of data
c:\users\dawid\documents\visual studio 2015\projects\d3d\d3d\winmain.cpp(1562): warning C4244: 'argument': conversion from 'int' to 'float', possible loss of data
c:\users\dawid\documents\visual studio 2015\projects\d3d\d3d\winmain.cpp(1656): warning C4244: 'argument': conversion from 'int' to 'float', possible loss of data
c:\users\dawid\documents\visual studio 2015\projects\d3d\d3d\winmain.cpp(1922): warning C4244: 'initializing': conversion from 'float' to 'int', possible loss of data
c:\users\dawid\documents\visual studio 2015\projects\d3d\d3d\winmain.cpp(1924): warning C4244: 'initializing': conversion from 'float' to 'int', possible loss of data
c:\users\dawid\documents\visual studio 2015\projects\d3d\d3d\winmain.cpp(1926): warning C4244: 'initializing': conversion from 'float' to 'int', possible loss of data
c:\users\dawid\documents\visual studio 2015\projects\d3d\d3d\winmain.cpp(1928): warning C4244: 'initializing': conversion from 'float' to 'int', possible loss of data
c:\users\dawid\documents\visual studio 2015\projects\d3d\d3d\winmain.cpp(1934): warning C4244: 'initializing': conversion from 'float' to 'int', possible loss of data
c:\users\dawid\documents\visual studio 2015\projects\d3d\d3d\winmain.cpp(1937): warning C4244: 'initializing': conversion from 'float' to 'int', possible loss of data
c:\users\dawid\documents\visual studio 2015\projects\d3d\d3d\winmain.cpp(1939): warning C4244: 'initializing': conversion from 'float' to 'int', possible loss of data
c:\users\dawid\documents\visual studio 2015\projects\d3d\d3d\winmain.cpp(1941): warning C4244: 'initializing': conversion from 'float' to 'int', possible loss of data
c:\users\dawid\documents\visual studio 2015\projects\d3d\d3d\winmain.cpp(1943): warning C4244: 'initializing': conversion from 'float' to 'int', possible loss of data
c:\users\dawid\documents\visual studio 2015\projects\d3d\d3d\winmain.cpp(1963): warning C4244: 'argument': conversion from 'int' to 'float', possible loss of data
c:\users\dawid\documents\visual studio 2015\projects\d3d\d3d\winmain.cpp(2481): warning C4244: 'argument': conversion from 'const int' to 'float', possible loss of data
  D3D.vcxproj -> C:\Users\Dawid\documents\visual studio 2015\Projects\D3D\x64\Debug\D3D.exe
  D3D.vcxproj -> C:\Users\Dawid\documents\visual studio 2015\Projects\D3D\x64\Debug\D3D.pdb (Partial PDB)
